+ export SINGULARITY_CACHEDIR=/ocean/projects/pscstaff/nnepal/monda/Container_CUDAQ_Bridges2/singularity_cache
+ SINGULARITY_CACHEDIR=/ocean/projects/pscstaff/nnepal/monda/Container_CUDAQ_Bridges2/singularity_cache
+ export OPENFERMION_DATA_DIRECTORY=/ocean/projects/pscstaff/nnepal/monda/Container_CUDAQ_Bridges2/openfermion_data
+ OPENFERMION_DATA_DIRECTORY=/ocean/projects/pscstaff/nnepal/monda/Container_CUDAQ_Bridges2/openfermion_data
+ mkdir -p /ocean/projects/pscstaff/nnepal/monda/Container_CUDAQ_Bridges2/openfermion_data
+ export OMPI_MCA_opal_cuda_support=true
+ OMPI_MCA_opal_cuda_support=true
+ export 'OMPI_MCA_btl=^openib'
+ OMPI_MCA_btl='^openib'
+ singularity exec --cleanenv --no-home --bind /ocean/projects/pscstaff/nnepal/monda/Container_CUDAQ_Bridges2/openfermion_data:/usr/local/lib/python3.10/dist-packages/openfermion/testing/data /ocean/projects/pscstaff/nnepal/containers/cuda-quantum.sif python3 vqe.py
/ocean/projects/pscstaff/nnepal/monda/Container_CUDAQ_Bridges2/vqe.py:30: ComplexWarning: Casting complex values to real discards the imaginary part
  spin_ham = cudaq.SpinOperator(qubit_hamiltonian)
electrons: 2, qubit count: 4, parameters: 3
Iteration 1: x = [ 1.49671415 -0.1382643   0.64768854]:-0.7257905258922015
Iteration 2: x = [0.49671415 0.8617357  0.64768854]:-0.926786010292215
Iteration 3: x = [ 0.49671415 -0.1382643   1.64768854]:-0.4303017146211887
Iteration 4: x = [ 0.05639086 -0.27444491 -0.23976301]:-1.0414992320790943
Iteration 5: x = [-0.38276774 -0.4102653  -0.0430588 ]:-1.0199360944396323
Iteration 6: x = [ 0.13025738 -0.51328322 -0.23976301]:-1.020609892458007
Iteration 7: x = [ 0.06995592  0.17546678 -0.457468  ]:-0.9463084729613875
Iteration 8: x = [ 0.15326563 -0.22232909 -0.01526529]:-1.1060494466756698
Iteration 9: x = [ 0.2535575  -0.10955736  0.1840437 ]:-1.1245827082704145
Iteration 10: x = [0.26817932 0.1245651  0.0975979 ]:-1.1087990524116151
Iteration 11: x = [ 0.13906366 -0.08604605  0.22835374]:-1.133056399273034
Iteration 12: x = [ 0.07663604 -0.12730967  0.46689117]:-1.110318539342946
Iteration 13: x = [0.12433762 0.03599372 0.20567249]:-1.133260069454454
Iteration 14: x = [0.09993593 0.02264711 0.14970218]:-1.1323692192802486
Iteration 15: x = [0.02207849 0.03994564 0.27745307]:-1.135751246202223
Iteration 16: x = [-0.03613845  0.06231098  0.38578395]:-1.1263598472964698
Iteration 17: x = [-0.01825927  0.02705413  0.23148652]:-1.1370091494826318
Iteration 18: x = [-0.08009384  0.02204011  0.22389732]:-1.1359868854678319
Iteration 19: x = [-0.01984837  0.05743903  0.22435945]:-1.1365547625431973
Iteration 20: x = [ 0.00942484 -0.00054069  0.18271802]:-1.136315645111204
Iteration 21: x = [-0.00427614  0.01903253  0.25825756]:-1.1367554617413624
Iteration 22: x = [-0.00982153  0.0191451   0.22097974]:-1.1370799461572698
Iteration 23: x = [-0.0199862   0.00801848  0.21685441]:-1.1370454657448212
Iteration 24: x = [-0.01256667  0.02375759  0.2153031 ]:-1.136992937551097
Iteration 25: x = [0.00117082 0.01044411 0.22787914]:-1.1371528784224858
Iteration 26: x = [-0.00240617  0.01074849  0.24308615]:-1.1370701223280943
Iteration 27: x = [-0.00371282  0.00443348  0.22685072]:-1.1371694846280773
Iteration 28: x = [ 0.00619956 -0.00658286  0.2218984 ]:-1.1371456314624164
Iteration 29: x = [-0.00771379  0.00598002  0.22032113]:-1.1371340678236161
Iteration 30: x = [-0.00591186  0.00181126  0.23387378]:-1.1371580444361635
Iteration 31: x = [-0.00109162  0.00162324  0.2261503 ]:-1.137172733552523
Iteration 32: x = [-0.00174279  0.00068149  0.22456796]:-1.1371686407939265
Iteration 33: x = [-0.0005884   0.00223496  0.22557913]:-1.1371711472461168
Iteration 34: x = [-0.00044227  0.00104545  0.22789936]:-1.1371753077493296
Iteration 35: x = [-0.00148125  0.00178541  0.22937843]:-1.1371746550269517
Iteration 36: x = [-0.00028132 -0.00079261  0.22853992]:-1.1371755510159915
Iteration 37: x = [ 0.00061382 -0.00064619  0.22890181]:-1.137175553639518
Iteration 38: x = [ 0.00080842 -0.00077827  0.2284739 ]:-1.1371755163120898
Iteration 39: x = [ 0.00045269 -0.0012968   0.22961203]:-1.1371749808926022
Iteration 40: x = [0.00054656 0.00030536 0.22869275]:-1.137175614872423
Iteration 41: x = [0.00039261 0.00068591 0.22895714]:-1.1371755114529245
Iteration 42: x = [0.00077362 0.00033962 0.22877565]:-1.1371755342044512
Iteration 43: x = [0.00035336 0.00025945 0.22824667]:-1.137175615997487
Iteration 44: x = [2.29847761e-04 6.18903204e-05 2.28319599e-01]:-1.1371756676357965
Iteration 45: x = [6.67200816e-06 9.97522548e-05 2.28411053e-01]:-1.1371756947532126
Iteration 46: x = [-1.33039825e-04 -8.52094759e-05  2.28487697e-01]:-1.1371756997813827
Iteration 47: x = [-1.80664863e-04 -9.56108712e-05  2.28375783e-01]:-1.1371756813692526
Iteration 48: x = [-1.81042720e-04  7.93340113e-06  2.28708208e-01]:-1.137175698789528
Iteration 49: x = [-3.99257494e-05 -1.49791041e-04  2.28533086e-01]:-1.1371757035072565
Iteration 50: x = [-4.53611413e-05 -1.16578879e-04  2.28650426e-01]:-1.137175705457392
Iteration 51: x = [-8.31895626e-05 -1.63097782e-04  2.28661840e-01]:-1.137175700660231
Iteration 52: x = [ 5.52205252e-05 -4.80131821e-05  2.28659549e-01]:-1.137175707740566
Iteration 53: x = [-6.53612375e-07  5.82670401e-05  2.28637555e-01]:-1.1371757088384844
Iteration 54: x = [4.86182482e-05 1.50822736e-04 2.28700060e-01]:-1.1371757002150538
Iteration 55: x = [1.36185954e-05 5.72089972e-05 2.28578221e-01]:-1.1371757093906616
Iteration 56: x = [-1.23425776e-05  4.23231640e-05  2.28572242e-01]:-1.137175709711756
Iteration 57: x = [-5.30013669e-05  5.03907111e-05  2.28527441e-01]:-1.1371757076416915
Iteration 58: x = [ 1.13200559e-05 -1.39377899e-05  2.28572516e-01]:-1.1371757099992605
Iteration 59: x = [-8.49793352e-07 -3.02185525e-05  2.28549753e-01]:-1.1371757092594146
Iteration 60: x = [ 1.51668194e-07 -1.85897673e-05  2.28581814e-01]:-1.1371757101095472
Iteration 61: x = [ 1.27798705e-05 -1.85744725e-05  2.28609596e-01]:-1.137175710071391
Iteration 62: x = [-6.16681649e-06 -4.92551470e-06  2.28584303e-01]:-1.1371757101844586
Iteration 63: x = [-1.07480854e-05 -5.94834189e-06  2.28578289e-01]:-1.137175710100701
Iteration 64: x = [-6.15405004e-06 -1.54223948e-06  2.28599182e-01]:-1.1371757102230358
Iteration 65: x = [5.68988002e-06 8.07460006e-06 2.28598921e-01]:-1.1371757102095226
Iteration 66: x = [-1.34388972e-06 -7.46116736e-06  2.28599373e-01]:-1.1371757102188946
Iteration 67: x = [-8.73950706e-06 -1.42740909e-06  2.28614220e-01]:-1.1371757100677744
Iteration 68: x = [-6.87993643e-06 -1.87054930e-06  2.28591594e-01]:-1.137175710226322
Iteration 69: x = [-1.04808529e-05 -2.38512109e-06  2.28590445e-01]:-1.137175710209449
Iteration 70: x = [-7.13157651e-06  1.92462657e-08  2.28591537e-01]:-1.137175710227364
Iteration 71: x = [-3.48901938e-06  8.99129231e-07  2.28590823e-01]:-1.1371757102331377
Iteration 72: x = [-2.06437355e-06  1.50403714e-06  2.28594310e-01]:-1.1371757102396798
Iteration 73: x = [8.59147086e-07 2.95834533e-06 2.28596282e-01]:-1.1371757102372662
Iteration 74: x = [-6.02613233e-07  2.23119123e-06  2.28595296e-01]:-1.1371757102394797
Iteration 75: x = [-2.29960038e-06  2.42603851e-06  2.28594246e-01]:-1.137175710238991
Iteration 76: x = [-4.49422323e-07  1.33579623e-06  2.28595310e-01]:-1.1371757102400541
Iteration 77: x = [-9.55806976e-07  1.26233437e-06  2.28596115e-01]:-1.1371757102392004
Iteration 78: x = [5.74350569e-07 2.75305260e-07 2.28594100e-01]:-1.137175710240533
Iteration 79: x = [1.62746080e-06 1.59434705e-06 2.28593212e-01]:-1.1371757102388085
Iteration 80: x = [-1.37497000e-07  4.28962469e-07  2.28593484e-01]:-1.1371757102402626
Iteration 81: x = [ 6.61263564e-07 -1.62933442e-06  2.28594152e-01]:-1.1371757102401359
Iteration 82: x = [1.17230333e-07 4.03864783e-07 2.28594927e-01]:-1.1371757102405513
Iteration 83: x = [4.69119432e-07 6.71316271e-07 2.28595106e-01]:-1.137175710240351
Iteration 84: x = [2.21256251e-07 2.08178720e-07 2.28595015e-01]:-1.1371757102405324
Iteration 85: x = [-2.87824274e-07  2.19011334e-07  2.28594756e-01]:-1.1371757102406217
Iteration 86: x = [-7.30931770e-07  1.97254833e-07  2.28594581e-01]:-1.1371757102405742
Iteration 87: x = [-3.74529711e-07  2.04375966e-07  2.28594978e-01]:-1.1371757102405424
Iteration 88: x = [-1.29379328e-07 -1.91313432e-07  2.28594572e-01]:-1.1371757102406588
Iteration 89: x = [ 9.26522780e-09 -1.17537446e-07  2.28594393e-01]:-1.1371757102406728
Iteration 90: x = [-1.64696014e-07 -1.35441298e-07  2.28594231e-01]:-1.1371757102406455
Iteration 91: x = [ 4.11379308e-08 -2.30328201e-07  2.28594371e-01]:-1.1371757102406663
Iteration 92: x = [1.94092785e-07 1.68494272e-08 2.28594461e-01]:-1.1371757102406699
Iteration 93: x = [ 1.01679007e-07 -5.03440092e-08  2.28594427e-01]:-1.1371757102406763
Iteration 94: x = [1.10506264e-07 4.82599438e-08 2.28594360e-01]:-1.1371757102406697
Iteration 95: x = [ 7.77652186e-08 -2.95876828e-08  2.28594542e-01]:-1.1371757102406757
Iteration 96: x = [ 1.47015518e-07 -8.69547188e-08  2.28594439e-01]:-1.1371757102406737
Iteration 97: x = [ 1.00860125e-07 -2.16305393e-08  2.28594419e-01]:-1.1371757102406748
Iteration 98: x = [ 1.00899949e-07 -4.63985569e-08  2.28594441e-01]:-1.1371757102406754
Iteration 99: x = [ 7.87829749e-08 -6.60914992e-08  2.28594416e-01]:-1.1371757102406777
Iteration 100: x = [ 8.16186448e-08 -9.08746731e-08  2.28594400e-01]:-1.1371757102406748
Iteration 101: x = [ 7.37221083e-08 -5.88844797e-08  2.28594411e-01]:-1.1371757102406759
Iteration 102: x = [ 7.45057503e-08 -6.78385526e-08  2.28594418e-01]:-1.1371757102406774
Iteration 103: x = [ 8.45353620e-08 -6.62772637e-08  2.28594424e-01]:-1.1371757102406768
Iteration 104: x = [ 8.13602519e-08 -7.43620427e-08  2.28594411e-01]:-1.137175710240673
Iteration 105: x = [ 8.13602519e-08 -7.43620427e-08  2.28594411e-01]:-1.137175710240673
Epochs: 105
real 13.17
user 611.00
sys 8.47
