+ export SINGULARITY_CACHEDIR=/ocean/projects/pscstaff/nnepal/GITHUB_/CUDA-Q-PSC/Basics/CPU/singularity_cache
+ SINGULARITY_CACHEDIR=/ocean/projects/pscstaff/nnepal/GITHUB_/CUDA-Q-PSC/Basics/CPU/singularity_cache
+ export OMPI_MCA_opal_cuda_support=true
+ OMPI_MCA_opal_cuda_support=true
+ export 'OMPI_MCA_btl=^openib'
+ OMPI_MCA_btl='^openib'
+ singularity exec --cleanenv --no-home /ocean/projects/pscstaff/nnepal/containers/cuda-quantum.sif python3 kernel_calling_kernel.py
                              
q0 : ──●──────────────────────
     ╭─┴─╮                    
q1 : ┤ x ├──●─────────────────
     ╰───╯╭─┴─╮               
q2 : ─────┤ x ├──●────────────
          ╰───╯╭─┴─╮          
q3 : ──────────┤ x ├──●───────
               ╰───╯╭─┴─╮     
q4 : ───────────────┤ x ├──●──
                    ╰───╯╭─┴─╮
q5 : ────────────────────┤ x ├
                         ╰───╯

real 6.63
user 14.15
sys 7.64
